[debug] [2026-03-05T20:26:21.033Z] ----------------------------------------------------------------------
[debug] [2026-03-05T20:26:21.036Z] Command:       C:\Program Files\nodejs\node.exe C:\Users\marcos.vinicius\AppData\Roaming\npm\node_modules\firebase-tools\lib\bin\firebase.js deploy --only firestore:rules
[debug] [2026-03-05T20:26:21.037Z] CLI Version:   15.8.0
[debug] [2026-03-05T20:26:21.037Z] Platform:      win32
[debug] [2026-03-05T20:26:21.037Z] Node Version:  v22.20.0
[debug] [2026-03-05T20:26:21.037Z] Time:          Thu Mar 05 2026 17:26:21 GMT-0300 (Horário Padrão de Brasília)
[debug] [2026-03-05T20:26:21.037Z] ----------------------------------------------------------------------
[debug] 
[debug] [2026-03-05T20:26:21.040Z] >>> [apiv2][query] GET https://firebase-public.firebaseio.com/cli.json [none]
[debug] [2026-03-05T20:26:22.985Z] > command requires scopes: ["email","openid","https://www.googleapis.com/auth/cloudplatformprojects.readonly","https://www.googleapis.com/auth/firebase","https://www.googleapis.com/auth/cloud-platform"]
[debug] [2026-03-05T20:26:22.986Z] > authorizing via signed-in user (viniciussete537@gmail.com)
[debug] [2026-03-05T20:26:22.986Z] [iam] checking project terreiro-a1354 for permissions ["datastore.indexes.create","datastore.indexes.delete","datastore.indexes.list","datastore.indexes.update","firebase.projects.get"]
[debug] [2026-03-05T20:26:22.987Z] Checked if tokens are valid: false, expires at: 1771364737342
[debug] [2026-03-05T20:26:22.988Z] Checked if tokens are valid: false, expires at: 1771364737342
[debug] [2026-03-05T20:26:22.989Z] > refreshing access token with scopes: []
[debug] [2026-03-05T20:26:22.991Z] >>> [apiv2][query] POST https://www.googleapis.com/oauth2/v3/token [none]
[debug] [2026-03-05T20:26:22.991Z] >>> [apiv2][body] POST https://www.googleapis.com/oauth2/v3/token [omitted]
[debug] [2026-03-05T20:26:23.220Z] <<< [apiv2][status] POST https://www.googleapis.com/oauth2/v3/token 200
[debug] [2026-03-05T20:26:23.220Z] <<< [apiv2][body] POST https://www.googleapis.com/oauth2/v3/token [omitted]
[debug] [2026-03-05T20:26:23.251Z] >>> [apiv2][query] POST https://cloudresourcemanager.googleapis.com/v1/projects/terreiro-a1354:testIamPermissions [none]
[debug] [2026-03-05T20:26:23.251Z] >>> [apiv2][(partial)header] POST https://cloudresourcemanager.googleapis.com/v1/projects/terreiro-a1354:testIamPermissions  x-goog-user-project=terreiro-a1354
[debug] [2026-03-05T20:26:23.252Z] >>> [apiv2][body] POST https://cloudresourcemanager.googleapis.com/v1/projects/terreiro-a1354:testIamPermissions {"permissions":["datastore.indexes.create","datastore.indexes.delete","datastore.indexes.list","datastore.indexes.update","firebase.projects.get"]}
[debug] [2026-03-05T20:26:23.342Z] <<< [apiv2][status] GET https://firebase-public.firebaseio.com/cli.json 200
[debug] [2026-03-05T20:26:23.343Z] <<< [apiv2][body] GET https://firebase-public.firebaseio.com/cli.json {"cloudBuildErrorAfter":1594252800000,"cloudBuildWarnAfter":1590019200000,"defaultNode10After":1594252800000,"minVersion":"3.0.5","node8DeploysDisabledAfter":1613390400000,"node8RuntimeDisabledAfter":1615809600000,"node8WarnAfter":1600128000000}
[debug] [2026-03-05T20:26:24.244Z] <<< [apiv2][status] POST https://cloudresourcemanager.googleapis.com/v1/projects/terreiro-a1354:testIamPermissions 200
[debug] [2026-03-05T20:26:24.244Z] <<< [apiv2][body] POST https://cloudresourcemanager.googleapis.com/v1/projects/terreiro-a1354:testIamPermissions {"permissions":["datastore.indexes.create","datastore.indexes.delete","datastore.indexes.list","datastore.indexes.update","firebase.projects.get"]}
[info] 
[info] === Deploying to 'terreiro-a1354'...
[info] 
[info] i  deploying firestore 
[info] i  firestore: ensuring required API firestore.googleapis.com is enabled... 
[info] i  firestore: ensuring required API firestore.googleapis.com is enabled... 
[debug] [2026-03-05T20:26:24.252Z] Checked if tokens are valid: true, expires at: 1772745982221
[debug] [2026-03-05T20:26:24.252Z] Checked if tokens are valid: true, expires at: 1772745982221
[debug] [2026-03-05T20:26:24.253Z] >>> [apiv2][query] GET https://firestore.googleapis.com/v1/projects/terreiro-a1354/databases/(default) [none]
[debug] [2026-03-05T20:26:25.308Z] <<< [apiv2][status] GET https://firestore.googleapis.com/v1/projects/terreiro-a1354/databases/(default) 200
[debug] [2026-03-05T20:26:25.309Z] <<< [apiv2][body] GET https://firestore.googleapis.com/v1/projects/terreiro-a1354/databases/(default) {"name":"projects/terreiro-a1354/databases/(default)","uid":"3e4b8caf-9aac-4726-86bc-ad0fa354b4cd","createTime":"2026-02-09T19:50:56.732281Z","updateTime":"2026-02-09T19:50:56.732281Z","locationId":"nam5","type":"FIRESTORE_NATIVE","concurrencyMode":"PESSIMISTIC","versionRetentionPeriod":"3600s","earliestVersionTime":"2026-03-05T19:26:25.299675Z","appEngineIntegrationMode":"DISABLED","keyPrefix":"s","pointInTimeRecoveryEnablement":"POINT_IN_TIME_RECOVERY_DISABLED","deleteProtectionState":"DELETE_PROTECTION_DISABLED","databaseEdition":"STANDARD","freeTier":true,"realtimeUpdatesMode":"REALTIME_UPDATES_MODE_ENABLED","etag":"IPLdnYHMiZMDMJXg8rSe5pID"}
[info] i  cloud.firestore: checking firestore.rules for compilation errors... 
[debug] [2026-03-05T20:26:25.312Z] Checked if tokens are valid: true, expires at: 1772745982221
[debug] [2026-03-05T20:26:25.312Z] Checked if tokens are valid: true, expires at: 1772745982221
[debug] [2026-03-05T20:26:25.313Z] >>> [apiv2][query] POST https://firebaserules.googleapis.com/v1/projects/terreiro-a1354:test [none]
[debug] [2026-03-05T20:26:25.313Z] >>> [apiv2][body] POST https://firebaserules.googleapis.com/v1/projects/terreiro-a1354:test [omitted]
[debug] [2026-03-05T20:26:26.665Z] <<< [apiv2][status] POST https://firebaserules.googleapis.com/v1/projects/terreiro-a1354:test 200
[debug] [2026-03-05T20:26:26.665Z] <<< [apiv2][body] POST https://firebaserules.googleapis.com/v1/projects/terreiro-a1354:test {"issues":[{"sourcePosition":{"fileName":"firestore.rules","line":13,"column":29,"currentOffset":459,"endOffset":466},"description":"Invalid variable name: database.","severity":"WARNING"},{"sourcePosition":{"fileName":"firestore.rules","line":18,"column":27,"currentOffset":629,"endOffset":636},"description":"Invalid variable name: database.","severity":"WARNING"}]}
[warn] !  [W] 13:29 - Invalid variable name: database. 
[warn] !  [W] 18:27 - Invalid variable name: database. 
[info] +  cloud.firestore: rules file firestore.rules compiled successfully 
[debug] [2026-03-05T20:26:26.671Z] Checked if tokens are valid: true, expires at: 1772745982221
[debug] [2026-03-05T20:26:26.671Z] Checked if tokens are valid: true, expires at: 1772745982221
[debug] [2026-03-05T20:26:26.672Z] >>> [apiv2][query] GET https://firebaserules.googleapis.com/v1/projects/terreiro-a1354/releases pageSize=10&pageToken=
[debug] [2026-03-05T20:26:27.879Z] <<< [apiv2][status] GET https://firebaserules.googleapis.com/v1/projects/terreiro-a1354/releases 200
[debug] [2026-03-05T20:26:27.880Z] <<< [apiv2][body] GET https://firebaserules.googleapis.com/v1/projects/terreiro-a1354/releases {"releases":[{"name":"projects/terreiro-a1354/releases/cloud.firestore","rulesetName":"projects/terreiro-a1354/rulesets/aae75983-224a-42a9-8286-c9c6ac25e711","createTime":"2026-02-09T19:51:02.571512Z","updateTime":"2026-02-17T20:45:45.740516Z"}]}
[debug] [2026-03-05T20:26:27.881Z] Checked if tokens are valid: true, expires at: 1772745982221
[debug] [2026-03-05T20:26:27.881Z] Checked if tokens are valid: true, expires at: 1772745982221
[debug] [2026-03-05T20:26:27.882Z] >>> [apiv2][query] GET https://firebaserules.googleapis.com/v1/projects/terreiro-a1354/rulesets/aae75983-224a-42a9-8286-c9c6ac25e711 [none]
[debug] [2026-03-05T20:26:28.181Z] <<< [apiv2][status] GET https://firebaserules.googleapis.com/v1/projects/terreiro-a1354/rulesets/aae75983-224a-42a9-8286-c9c6ac25e711 200
[debug] [2026-03-05T20:26:28.181Z] <<< [apiv2][body] GET https://firebaserules.googleapis.com/v1/projects/terreiro-a1354/rulesets/aae75983-224a-42a9-8286-c9c6ac25e711 [omitted]
[info] i  firestore: uploading rules firestore.rules... 
[debug] [2026-03-05T20:26:28.186Z] Checked if tokens are valid: true, expires at: 1772745982221
[debug] [2026-03-05T20:26:28.186Z] Checked if tokens are valid: true, expires at: 1772745982221
[debug] [2026-03-05T20:26:28.187Z] >>> [apiv2][query] POST https://firebaserules.googleapis.com/v1/projects/terreiro-a1354/rulesets [none]
[debug] [2026-03-05T20:26:28.187Z] >>> [apiv2][body] POST https://firebaserules.googleapis.com/v1/projects/terreiro-a1354/rulesets [omitted]
[debug] [2026-03-05T20:26:29.430Z] <<< [apiv2][status] POST https://firebaserules.googleapis.com/v1/projects/terreiro-a1354/rulesets 200
[debug] [2026-03-05T20:26:29.431Z] <<< [apiv2][body] POST https://firebaserules.googleapis.com/v1/projects/terreiro-a1354/rulesets {"name":"projects/terreiro-a1354/rulesets/bf492034-9aca-4102-8c53-2a9bb9952f8b","source":{"files":[{"content":"rules_version = '2';\r\nservice cloud.firestore {\r\n  // UIDs liberados para administração (bootstrap)\r\n  function isBootstrapMaster() {\r\n    return request.auth != null\r\n      && (request.auth.uid == \"rpdLNx3X4CZhFvB6O9bvXbFA72y1\"  // master original\r\n          || request.auth.uid == \"ljfZse4jR6a7N9ryivGtlGne9Rh2\"); // seu usuário atual\r\n  }\r\n\r\n  function isMaster() {\n    return isBootstrapMaster()\n      || (request.auth != null\n        && get(/databases/$(database)/documents/users/$(request.auth.uid)).data.role.matches(\"(?i)^master$\"));\n  }\n\n  function isEditor() {\n    return request.auth != null\n      && get(/databases/$(database)/documents/users/$(request.auth.uid)).data.role.matches(\"(?i)^editor$\");\n  }\n\r\n  match /databases/{database}/documents {\r\n\r\n    match /users/{userId} {\r\n      allow read: if request.auth != null;\r\n      allow create: if request.auth != null\r\n        && (\r\n          (request.auth.uid == userId\r\n            && request.resource.data.role == \"MEMBER\"\r\n            && request.resource.data.status == \"PENDENTE\")\r\n          || isMaster()\r\n        );\r\n      allow update, delete: if isMaster();\r\n    }\r\n\r\n    match /stock_items/{docId} {\n      allow read: if request.auth != null;\n      allow write: if isMaster() || isEditor();\n    }\n\n    match /events/{docId} {\n      allow read: if request.auth != null;\n      allow write: if isMaster() || isEditor();\n    }\n\n    match /cash_transactions/{docId} {\n      allow read: if request.auth != null;\n      allow write: if isMaster() || isEditor();\n    }\n\n    match /memberships/{docId} {\n      allow read: if request.auth != null;\n      allow write: if isMaster() || isEditor();\n    }\n\n    match /focus_notes/{docId} {\n      allow read: if request.auth != null;\n      allow create: if request.auth != null;\n      allow update, delete: if isMaster() || isEditor();\n    }\n\n    match /cantigas/{docId} {\n      allow read: if request.auth != null;\n      allow write: if isMaster() || isEditor();\n    }\n\n    match /action_items/{docId} {\n      allow read: if request.auth != null;\n      allow create: if request.auth != null\n        && request.resource.data.created_by == request.auth.uid;\n      allow update: if request.auth != null\n        && (isMaster() || isEditor() || resource.data.created_by == request.auth.uid);\n      allow delete: if isMaster() || isEditor();\n    }\n\n    match /logs/{logId} {\n      allow read, write: if isMaster() || isEditor();\n    }\n  }\n}\n","name":"firestore.rules"}]},"createTime":"2026-03-05T20:26:29.380895Z","metadata":{"services":["cloud.firestore"]}}
[debug] [2026-03-05T20:26:29.431Z] [rules] created ruleset projects/terreiro-a1354/rulesets/bf492034-9aca-4102-8c53-2a9bb9952f8b
[debug] [2026-03-05T20:26:29.433Z] [rules] releasing cloud.firestore/(default) with ruleset projects/terreiro-a1354/rulesets/bf492034-9aca-4102-8c53-2a9bb9952f8b
[debug] [2026-03-05T20:26:29.434Z] Checked if tokens are valid: true, expires at: 1772745982221
[debug] [2026-03-05T20:26:29.434Z] Checked if tokens are valid: true, expires at: 1772745982221
[debug] [2026-03-05T20:26:29.435Z] >>> [apiv2][query] PATCH https://firebaserules.googleapis.com/v1/projects/terreiro-a1354/releases/cloud.firestore/(default) [none]
[debug] [2026-03-05T20:26:29.436Z] >>> [apiv2][body] PATCH https://firebaserules.googleapis.com/v1/projects/terreiro-a1354/releases/cloud.firestore/(default) {"release":{"name":"projects/terreiro-a1354/releases/cloud.firestore/(default)","rulesetName":"projects/terreiro-a1354/rulesets/bf492034-9aca-4102-8c53-2a9bb9952f8b"}}
[debug] [2026-03-05T20:26:29.810Z] <<< [apiv2][status] PATCH https://firebaserules.googleapis.com/v1/projects/terreiro-a1354/releases/cloud.firestore/(default) 200
[debug] [2026-03-05T20:26:29.811Z] <<< [apiv2][body] PATCH https://firebaserules.googleapis.com/v1/projects/terreiro-a1354/releases/cloud.firestore/(default) {"name":"projects/terreiro-a1354/releases/cloud.firestore","rulesetName":"projects/terreiro-a1354/rulesets/bf492034-9aca-4102-8c53-2a9bb9952f8b","createTime":"2026-02-09T19:51:02.571512Z","updateTime":"2026-03-05T20:26:29.737604Z"}
[debug] [2026-03-05T20:26:29.812Z] [rules] updated release projects/terreiro-a1354/releases/cloud.firestore
[info] +  firestore: released rules firestore.rules to cloud.firestore 
[info] 
[info] +  Deploy complete! 
[info] 
[info] Project Console: https://console.firebase.google.com/project/terreiro-a1354/overview
